0 info it worked if it ends with ok
1 verbose cli [
1 verbose cli   'C:\\Program Files\\nodejs\\node.exe',
1 verbose cli   'C:\\Program Files\\nodejs\\node_modules\\npm\\bin\\npm-cli.js',
1 verbose cli   'run',
1 verbose cli   'development',
1 verbose cli   '--',
1 verbose cli   '--watch'
1 verbose cli ]
2 info using npm@6.14.4
3 info using node@v12.16.2
4 verbose run-script [ 'predevelopment', 'development', 'postdevelopment' ]
5 info lifecycle @~predevelopment: @
6 info lifecycle @~development: @
7 verbose lifecycle @~development: unsafe-perm in lifecycle true
8 verbose lifecycle @~development: PATH: C:\Program Files\nodejs\node_modules\npm\node_modules\npm-lifecycle\node-gyp-bin;C:\Apache24\htdocs\react_porfolio\node_modules\.bin;C:\Program Files\nodejs\node_modules\npm\node_modules\npm-lifecycle\node-gyp-bin;C:\Apache24\htdocs\react_porfolio\node_modules\.bin;C:\Program Files (x86)\Common Files\Oracle\Java\javapath;C:\Program Files (x86)\Common Files\Intel\Shared Libraries\redist\intel64\compiler;C:\WINDOWS\system32;C:\WINDOWS;C:\WINDOWS\System32\Wbem;C:\WINDOWS\System32\WindowsPowerShell\v1.0\;C:\Program Files\Git\cmd;C:\WINDOWS\System32\OpenSSH\;C:\composer;c:\Program Files (x86)\Microsoft SQL Server\100\Tools\Binn\;c:\Program Files\Microsoft SQL Server\100\Tools\Binn\;c:\Program Files\Microsoft SQL Server\100\DTS\Binn\;C:\Program Files\nodejs\;C:\Users\PYLON 09\AppData\Local\Android\Sdk\platform-tools;C:\Program Files (x86)\Yarn\bin\;C:\Program Files (x86)\Windows Kits\8.1\Windows Performance Toolkit\;C:\Program Files\Microsoft SQL Server\110\Tools\Binn\;C:\Ruby27\bin;C:\Users\PYLON 09\AppData\Local\Microsoft\WindowsApps;C:\Users\PYLON 09\AppData\Local\Programs\Microsoft VS Code\bin;C:\php7ssl;C:\Users\PYLON 09\AppData\Roaming\Composer\vendor\bin;C:\Program Files (x86)\Java\jre1.8.0_241\bin;C:\gradle-6.2.2\bin;C:\Program Files\MongoDB\Server\4.2\bin;C:\Users\PYLON 09\AppData\Roaming\npm;C:\Users\PYLON 09\Desktop\google flutter\flutter\bin;C:\Users\PYLON 09\AppData\Local\Android\Sdk\platform-tools;C:\Users\PYLON 09\AppData\Local\Yarn\bin;C:\Apache24;C:\Apache24\bin;C:\php5--;
9 verbose lifecycle @~development: CWD: C:\Apache24\htdocs\react_porfolio
10 silly lifecycle @~development: Args: [
10 silly lifecycle   '/d /s /c',
10 silly lifecycle   'cross-env NODE_ENV=development node_modules/webpack/bin/webpack.js --progress --hide-modules --config=node_modules/laravel-mix/setup/webpack.config.js "--watch"'
10 silly lifecycle ]
11 silly lifecycle @~development: Returned: code: 255  signal: null
12 info lifecycle @~development: Failed to exec development script
13 verbose stack Error: @ development: `cross-env NODE_ENV=development node_modules/webpack/bin/webpack.js --progress --hide-modules --config=node_modules/laravel-mix/setup/webpack.config.js "--watch"`
13 verbose stack Exit status 255
13 verbose stack     at EventEmitter.<anonymous> (C:\Program Files\nodejs\node_modules\npm\node_modules\npm-lifecycle\index.js:332:16)
13 verbose stack     at EventEmitter.emit (events.js:310:20)
13 verbose stack     at ChildProcess.<anonymous> (C:\Program Files\nodejs\node_modules\npm\node_modules\npm-lifecycle\lib\spawn.js:55:14)
13 verbose stack     at ChildProcess.emit (events.js:310:20)
13 verbose stack     at maybeClose (internal/child_process.js:1021:16)
13 verbose stack     at Process.ChildProcess._handle.onexit (internal/child_process.js:286:5)
14 verbose pkgid @
15 verbose cwd C:\Apache24\htdocs\react_porfolio
16 verbose Windows_NT 10.0.18362
17 verbose argv "C:\\Program Files\\nodejs\\node.exe" "C:\\Program Files\\nodejs\\node_modules\\npm\\bin\\npm-cli.js" "run" "development" "--" "--watch"
18 verbose node v12.16.2
19 verbose npm  v6.14.4
20 error code ELIFECYCLE
21 error errno 255
22 error @ development: `cross-env NODE_ENV=development node_modules/webpack/bin/webpack.js --progress --hide-modules --config=node_modules/laravel-mix/setup/webpack.config.js "--watch"`
22 error Exit status 255
23 error Failed at the @ development script.
23 error This is probably not a problem with npm. There is likely additional logging output above.
24 verbose exit [ 255, true ]
